c:\vsprojects\polishcalc\polishcalc\polishcalc\debug\calculating.obj
c:\vsprojects\polishcalc\polishcalc\polishcalc\debug\converttopolish.obj
c:\vsprojects\polishcalc\polishcalc\polishcalc\debug\isstringcorrect.obj
c:\vsprojects\polishcalc\polishcalc\polishcalc\debug\main.obj
c:\vsprojects\polishcalc\polishcalc\polishcalc\debug\vc110.pdb
c:\vsprojects\polishcalc\polishcalc\debug\polishcalc.ilk
c:\vsprojects\polishcalc\polishcalc\debug\polishcalc.exe
c:\vsprojects\polishcalc\polishcalc\debug\polishcalc.pdb
c:\vsprojects\polishcalc\polishcalc\debug\vc120.pdb
c:\vsprojects\polishcalc\polishcalc\debug\vc120.idb
c:\vsprojects\polishcalc\polishcalc\debug\calculating.obj
c:\vsprojects\polishcalc\polishcalc\debug\converttopolish.obj
c:\vsprojects\polishcalc\polishcalc\debug\isstringcorrect.obj
c:\vsprojects\polishcalc\polishcalc\debug\main.obj
c:\vsprojects\polishcalc\debug\polishcalc.ilk
c:\vsprojects\polishcalc\debug\polishcalc.exe
c:\vsprojects\polishcalc\debug\polishcalc.pdb
c:\vsprojects\polishcalc\polishcalc\debug\cl.command.1.tlog
c:\vsprojects\polishcalc\polishcalc\debug\cl.read.1.tlog
c:\vsprojects\polishcalc\polishcalc\debug\cl.write.1.tlog
c:\vsprojects\polishcalc\polishcalc\debug\link-cvtres.read.1.tlog
c:\vsprojects\polishcalc\polishcalc\debug\link-cvtres.write.1.tlog
c:\vsprojects\polishcalc\polishcalc\debug\link-rc.read.1.tlog
c:\vsprojects\polishcalc\polishcalc\debug\link-rc.write.1.tlog
c:\vsprojects\polishcalc\polishcalc\debug\link.7908-cvtres.read.1.tlog
c:\vsprojects\polishcalc\polishcalc\debug\link.7908-cvtres.write.1.tlog
c:\vsprojects\polishcalc\polishcalc\debug\link.7908-rc.read.1.tlog
c:\vsprojects\polishcalc\polishcalc\debug\link.7908-rc.write.1.tlog
c:\vsprojects\polishcalc\polishcalc\debug\link.7908.read.1.tlog
c:\vsprojects\polishcalc\polishcalc\debug\link.7908.write.1.tlog
c:\vsprojects\polishcalc\polishcalc\debug\link.command.1.tlog
c:\vsprojects\polishcalc\polishcalc\debug\link.read.1.tlog
c:\vsprojects\polishcalc\polishcalc\debug\link.write.1.tlog
c:\vsprojects\polishcalc\polishcalc\debug\vc110.idb
c:\vsprojects\polishcalc\polishcalc\debug\vc110.pdb
c:\vsprojects\polishcalc\polishcalc\debug\polishcalc.tlog\cl.command.1.tlog
c:\vsprojects\polishcalc\polishcalc\debug\polishcalc.tlog\cl.read.1.tlog
c:\vsprojects\polishcalc\polishcalc\debug\polishcalc.tlog\cl.write.1.tlog
c:\vsprojects\polishcalc\polishcalc\debug\polishcalc.tlog\link.command.1.tlog
c:\vsprojects\polishcalc\polishcalc\debug\polishcalc.tlog\link.read.1.tlog
c:\vsprojects\polishcalc\polishcalc\debug\polishcalc.tlog\link.write.1.tlog
